-------------------------------------------------------------------------------
Test set: com.example.webappdemo.WebappDemoApplicationTests
-------------------------------------------------------------------------------
Tests run: 1, Failures: 0, Errors: 1, Skipped: 0, Time elapsed: 0.203 s <<< FAILURE! - in com.example.webappdemo.WebappDemoApplicationTests
com.example.webappdemo.WebappDemoApplicationTests  Time elapsed: 0.203 s  <<< ERROR!
java.lang.IllegalStateException: Unable to find a @SpringBootConfiguration, you need to use @ContextConfiguration or @SpringBootTest(classes=...) with your test

